Arguments: 
  /home/ubuntu/.nvm/versions/node/v6.11.2/bin/node /home/ubuntu/.nvm/versions/node/v6.11.2/bin/yarn add -g prisma

PATH: 
  /home/ubuntu/.nvm/versions/node/v6.11.2/bin:/usr/local/rvm/gems/ruby-2.4.0/bin:/usr/local/rvm/gems/ruby-2.4.0@global/bin:/usr/local/rvm/rubies/ruby-2.4.0/bin:/mnt/shared/bin:/home/ubuntu/workspace/node_modules/.bin:/home/ubuntu/bin:/usr/local/sbin:/usr/local/bin:/usr/sbin:/usr/bin:/sbin:/bin:/mnt/shared/sbin:/opt/gitl:/opt/go/bin:/mnt/shared/c9/app.nw/bin:/usr/local/rvm/bin

Yarn version: 
  1.5.1

Node version: 
  6.11.2

Platform: 
  linux x64

npm manifest: 
  {
    "name": "chat-example",
    "version": "0.0.0",
    "description": "A chat example to showcase how to use `socket.io` with a static `express` server with `async` for control flow.",
    "main": "server.js",
    "repository": "",
    "author": "Mostafa Eweda <mo.eweda@gmail.com>",
    "dependencies": {
      "apollo-client-preset": "^1.0.8",
      "async": "~0.2.8",
      "express": "~3.2.4",
      "graphql": "^0.13.1",
      "graphql-tag": "^2.8.0",
      "react-apollo": "^2.0.4",
      "socket.io": "~0.9.14"
    }
  }

yarn manifest: 
  No manifest

Lockfile: 
  # THIS IS AN AUTOGENERATED FILE. DO NOT EDIT THIS FILE DIRECTLY.
  # yarn lockfile v1
  
  
  "@types/async@2.0.47":
    version "2.0.47"
    resolved "https://registry.yarnpkg.com/@types/async/-/async-2.0.47.tgz#f49ba1dd1f189486beb6e1d070a850f6ab4bd521"
  
  "@types/node@^9.4.6":
    version "9.4.7"
    resolved "http://registry.npmjs.org/@types/node/-/node-9.4.7.tgz#57d81cd98719df2c9de118f2d5f3b1120dcd7275"
  
  "@types/zen-observable@^0.5.3":
    version "0.5.3"
    resolved "https://registry.yarnpkg.com/@types/zen-observable/-/zen-observable-0.5.3.tgz#91b728599544efbb7386d8b6633693a3c2e7ade5"
  
  active-x-obfuscator@0.0.1:
    version "0.0.1"
    resolved "https://registry.yarnpkg.com/active-x-obfuscator/-/active-x-obfuscator-0.0.1.tgz#089b89b37145ff1d9ec74af6530be5526cae1f1a"
    dependencies:
      zeparser "0.0.5"
  
  apollo-cache-inmemory@^1.1.7:
    version "1.1.11"
    resolved "https://registry.yarnpkg.com/apollo-cache-inmemory/-/apollo-cache-inmemory-1.1.11.tgz#2a96ad076f40575d622c4a45b1eeced18b2dc8ec"
    dependencies:
      apollo-cache "^1.1.6"
      apollo-utilities "^1.0.10"
      graphql-anywhere "^4.1.7"
  
  apollo-cache@^1.1.6:
    version "1.1.6"
    resolved "https://registry.yarnpkg.com/apollo-cache/-/apollo-cache-1.1.6.tgz#b953488bcc8244e001b9ab9c8b362a1512e9203f"
    dependencies:
      apollo-utilities "^1.0.10"
  
  apollo-client-preset@^1.0.8:
    version "1.0.8"
    resolved "https://registry.yarnpkg.com/apollo-client-preset/-/apollo-client-preset-1.0.8.tgz#23bd7176849d0d815f12c648774d009b258a449e"
    dependencies:
      apollo-cache-inmemory "^1.1.7"
      apollo-client "^2.2.2"
      apollo-link "^1.0.6"
      apollo-link-http "^1.3.1"
      graphql-tag "^2.4.2"
  
  apollo-client@^2.2.2:
    version "2.2.7"
    resolved "https://registry.yarnpkg.com/apollo-client/-/apollo-client-2.2.7.tgz#d5adbda81ef1f1c9c105ac71227ca8dc42b5731b"
    dependencies:
      "@types/zen-observable" "^0.5.3"
      apollo-cache "^1.1.6"
      apollo-link "^1.0.0"
      apollo-link-dedup "^1.0.0"
      apollo-utilities "^1.0.10"
      symbol-observable "^1.0.2"
      zen-observable "^0.7.0"
    optionalDependencies:
      "@types/async" "2.0.47"
  
  apollo-link-dedup@^1.0.0:
    version "1.0.8"
    resolved "https://registry.yarnpkg.com/apollo-link-dedup/-/apollo-link-dedup-1.0.8.tgz#8c3028cf32557bd040ab6ba8856f38067bdacead"
    dependencies:
      apollo-link "^1.2.1"
  
  apollo-link-http-common@^0.2.3:
    version "0.2.3"
    resolved "https://registry.yarnpkg.com/apollo-link-http-common/-/apollo-link-http-common-0.2.3.tgz#82ae0d4ff0cdd7c5c8826411d9dd7f7d8049ca46"
    dependencies:
      apollo-link "^1.2.1"
  
  apollo-link-http@^1.3.1:
    version "1.5.3"
    resolved "https://registry.yarnpkg.com/apollo-link-http/-/apollo-link-http-1.5.3.tgz#3aa0d3ecfe5666ef0c360f359c425ff6ea1d285b"
    dependencies:
      apollo-link "^1.2.1"
      apollo-link-http-common "^0.2.3"
  
  apollo-link@^1.0.0, apollo-link@^1.0.6, apollo-link@^1.2.1:
    version "1.2.1"
    resolved "https://registry.yarnpkg.com/apollo-link/-/apollo-link-1.2.1.tgz#c120b16059f9bd93401b9f72b94d2f80f3f305d2"
    dependencies:
      "@types/node" "^9.4.6"
      apollo-utilities "^1.0.0"
      zen-observable-ts "^0.8.6"
  
  apollo-utilities@^1.0.0, apollo-utilities@^1.0.10:
    version "1.0.10"
    resolved "https://registry.yarnpkg.com/apollo-utilities/-/apollo-utilities-1.0.10.tgz#0c35696891d4fa28d76768e0f7249d63c6da08b9"
  
  asap@~2.0.3:
    version "2.0.6"
    resolved "https://registry.yarnpkg.com/asap/-/asap-2.0.6.tgz#e50347611d7e690943208bbdafebcbc2fb866d46"
  
  async@~0.2.8:
    version "0.2.10"
    resolved "https://registry.yarnpkg.com/async/-/async-0.2.10.tgz#b6bbe0b0674b9d719708ca38de8c237cb526c3d1"
  
  base64id@0.1.0:
    version "0.1.0"
    resolved "https://registry.yarnpkg.com/base64id/-/base64id-0.1.0.tgz#02ce0fdeee0cef4f40080e1e73e834f0b1bfce3f"
  
  buffer-crc32@0.2.1:
    version "0.2.1"
    resolved "https://registry.yarnpkg.com/buffer-crc32/-/buffer-crc32-0.2.1.tgz#be3e5382fc02b6d6324956ac1af98aa98b08534c"
  
  bytes@0.2.0:
    version "0.2.0"
    resolved "https://registry.yarnpkg.com/bytes/-/bytes-0.2.0.tgz#aad33ec14e3dc2ca74e8e7d451f9ba053ad4f7a0"
  
  commander@0.6.1:
    version "0.6.1"
    resolved "https://registry.yarnpkg.com/commander/-/commander-0.6.1.tgz#fa68a14f6a945d54dbbe50d8cdb3320e9e3b1a06"
  
  commander@~2.1.0:
    version "2.1.0"
    resolved "https://registry.yarnpkg.com/commander/-/commander-2.1.0.tgz#d121bbae860d9992a3d517ba96f56588e47c6781"
  
  connect@2.7.11:
    version "2.7.11"
    resolved "https://registry.yarnpkg.com/connect/-/connect-2.7.11.tgz#f561d5eef70b8d719c397f724d34ba4065c77a3e"
    dependencies:
      buffer-crc32 "0.2.1"
      bytes "0.2.0"
      cookie "0.0.5"
      cookie-signature "1.0.1"
      debug "*"
      formidable "1.0.14"
      fresh "0.1.0"
      pause "0.0.1"
      qs "0.6.5"
      send "0.1.1"
  
  cookie-signature@1.0.1:
    version "1.0.1"
    resolved "https://registry.yarnpkg.com/cookie-signature/-/cookie-signature-1.0.1.tgz#44e072148af01e6e8e24afbf12690d68ae698ecb"
  
  cookie@0.0.5:
    version "0.0.5"
    resolved "https://registry.yarnpkg.com/cookie/-/cookie-0.0.5.tgz#f9acf9db57eb7568c9fcc596256b7bb22e307c81"
  
  cookie@0.1.0:
    version "0.1.0"
    resolved "https://registry.yarnpkg.com/cookie/-/cookie-0.1.0.tgz#90eb469ddce905c866de687efc43131d8801f9d0"
  
  core-js@^1.0.0:
    version "1.2.7"
    resolved "https://registry.yarnpkg.com/core-js/-/core-js-1.2.7.tgz#652294c14651db28fa93bd2d5ff2983a4f08c636"
  
  debug@*:
    version "3.1.0"
    resolved "https://registry.yarnpkg.com/debug/-/debug-3.1.0.tgz#5bb5a0672628b64149566ba16819e61518c67261"
    dependencies:
      ms "2.0.0"
  
  encoding@^0.1.11:
    version "0.1.12"
    resolved "https://registry.yarnpkg.com/encoding/-/encoding-0.1.12.tgz#538b66f3ee62cd1ab51ec323829d1f9480c74beb"
    dependencies:
      iconv-lite "~0.4.13"
  
  express@~3.2.4:
    version "3.2.6"
    resolved "https://registry.yarnpkg.com/express/-/express-3.2.6.tgz#d8a9fe065adc23c5b41ec2c689c672b261430ffc"
    dependencies:
      buffer-crc32 "0.2.1"
      commander "0.6.1"
      connect "2.7.11"
      cookie "0.1.0"
      cookie-signature "1.0.1"
      debug "*"
      fresh "0.1.0"
      methods "0.0.1"
      mkdirp "0.3.4"
      range-parser "0.0.4"
      send "0.1.0"
  
  fbjs@^0.8.16:
    version "0.8.16"
    resolved "https://registry.yarnpkg.com/fbjs/-/fbjs-0.8.16.tgz#5e67432f550dc41b572bf55847b8aca64e5337db"
    dependencies:
      core-js "^1.0.0"
      isomorphic-fetch "^2.1.1"
      loose-envify "^1.0.0"
      object-assign "^4.1.0"
      promise "^7.1.1"
      setimmediate "^1.0.5"
      ua-parser-js "^0.7.9"
  
  formidable@1.0.14:
    version "1.0.14"
    resolved "https://registry.yarnpkg.com/formidable/-/formidable-1.0.14.tgz#2b3f4c411cbb5fdd695c44843e2a23514a43231a"
  
  fresh@0.1.0:
    version "0.1.0"
    resolved "https://registry.yarnpkg.com/fresh/-/fresh-0.1.0.tgz#03e4b0178424e4c2d5d19a54d8814cdc97934850"
  
  graphql-anywhere@^4.1.7:
    version "4.1.7"
    resolved "https://registry.yarnpkg.com/graphql-anywhere/-/graphql-anywhere-4.1.7.tgz#cbb9106905bcc25bc0e8390548a97f8b154d3f9b"
    dependencies:
      apollo-utilities "^1.0.10"
  
  graphql-tag@^2.4.2, graphql-tag@^2.8.0:
    version "2.8.0"
    resolved "https://registry.yarnpkg.com/graphql-tag/-/graphql-tag-2.8.0.tgz#52cdea07a842154ec11a2e840c11b977f9b835ce"
  
  graphql@^0.13.1:
    version "0.13.1"
    resolved "https://registry.yarnpkg.com/graphql/-/graphql-0.13.1.tgz#9b3db3d8e40d1827e4172404bfdd2e4e17a58b55"
    dependencies:
      iterall "^1.2.0"
  
  hoist-non-react-statics@^2.2.0:
    version "2.5.0"
    resolved "https://registry.yarnpkg.com/hoist-non-react-statics/-/hoist-non-react-statics-2.5.0.tgz#d2ca2dfc19c5a91c5a6615ce8e564ef0347e2a40"
  
  iconv-lite@~0.4.13:
    version "0.4.19"
    resolved "https://registry.yarnpkg.com/iconv-lite/-/iconv-lite-0.4.19.tgz#f7468f60135f5e5dad3399c0a81be9a1603a082b"
  
  invariant@^2.2.1:
    version "2.2.4"
    resolved "https://registry.yarnpkg.com/invariant/-/invariant-2.2.4.tgz#610f3c92c9359ce1db616e538008d23ff35158e6"
    dependencies:
      loose-envify "^1.0.0"
  
  is-stream@^1.0.1:
    version "1.1.0"
    resolved "https://registry.yarnpkg.com/is-stream/-/is-stream-1.1.0.tgz#12d4a3dd4e68e0b79ceb8dbc84173ae80d91ca44"
  
  isomorphic-fetch@^2.1.1:
    version "2.2.1"
    resolved "https://registry.yarnpkg.com/isomorphic-fetch/-/isomorphic-fetch-2.2.1.tgz#611ae1acf14f5e81f729507472819fe9733558a9"
    dependencies:
      node-fetch "^1.0.1"
      whatwg-fetch ">=0.10.0"
  
  iterall@^1.2.0:
    version "1.2.2"
    resolved "https://registry.yarnpkg.com/iterall/-/iterall-1.2.2.tgz#92d70deb8028e0c39ff3164fdbf4d8b088130cd7"
  
  js-tokens@^3.0.0:
    version "3.0.2"
    resolved "https://registry.yarnpkg.com/js-tokens/-/js-tokens-3.0.2.tgz#9866df395102130e38f7f996bceb65443209c25b"
  
  lodash.flowright@^3.5.0:
    version "3.5.0"
    resolved "https://registry.yarnpkg.com/lodash.flowright/-/lodash.flowright-3.5.0.tgz#2b5fff399716d7e7dc5724fe9349f67065184d67"
  
  lodash.pick@^4.4.0:
    version "4.4.0"
    resolved "https://registry.yarnpkg.com/lodash.pick/-/lodash.pick-4.4.0.tgz#52f05610fff9ded422611441ed1fc123a03001b3"
  
  loose-envify@^1.0.0, loose-envify@^1.3.1:
    version "1.3.1"
    resolved "https://registry.yarnpkg.com/loose-envify/-/loose-envify-1.3.1.tgz#d1a8ad33fa9ce0e713d65fdd0ac8b748d478c848"
    dependencies:
      js-tokens "^3.0.0"
  
  methods@0.0.1:
    version "0.0.1"
    resolved "https://registry.yarnpkg.com/methods/-/methods-0.0.1.tgz#277c90f8bef39709645a8371c51c3b6c648e068c"
  
  mime@1.2.6:
    version "1.2.6"
    resolved "https://registry.yarnpkg.com/mime/-/mime-1.2.6.tgz#b1f86c768c025fa87b48075f1709f28aeaf20365"
  
  mime@~1.2.9:
    version "1.2.11"
    resolved "https://registry.yarnpkg.com/mime/-/mime-1.2.11.tgz#58203eed86e3a5ef17aed2b7d9ebd47f0a60dd10"
  
  mkdirp@0.3.4:
    version "0.3.4"
    resolved "https://registry.yarnpkg.com/mkdirp/-/mkdirp-0.3.4.tgz#f8c81d213b7299a031f193a57d752a17d2f6c7d8"
  
  ms@2.0.0:
    version "2.0.0"
    resolved "https://registry.yarnpkg.com/ms/-/ms-2.0.0.tgz#5608aeadfc00be6c2901df5f9861788de0d597c8"
  
  nan@~1.0.0:
    version "1.0.0"
    resolved "https://registry.yarnpkg.com/nan/-/nan-1.0.0.tgz#ae24f8850818d662fcab5acf7f3b95bfaa2ccf38"
  
  node-fetch@^1.0.1:
    version "1.7.3"
    resolved "https://registry.yarnpkg.com/node-fetch/-/node-fetch-1.7.3.tgz#980f6f72d85211a5347c6b2bc18c5b84c3eb47ef"
    dependencies:
      encoding "^0.1.11"
      is-stream "^1.0.1"
  
  object-assign@^4.1.0, object-assign@^4.1.1:
    version "4.1.1"
    resolved "https://registry.yarnpkg.com/object-assign/-/object-assign-4.1.1.tgz#2109adc7965887cfc05cbbd442cac8bfbb360863"
  
  options@>=0.0.5:
    version "0.0.6"
    resolved "https://registry.yarnpkg.com/options/-/options-0.0.6.tgz#ec22d312806bb53e731773e7cdaefcf1c643128f"
  
  pause@0.0.1:
    version "0.0.1"
    resolved "https://registry.yarnpkg.com/pause/-/pause-0.0.1.tgz#1d408b3fdb76923b9543d96fb4c9dfd535d9cb5d"
  
  policyfile@0.0.4:
    version "0.0.4"
    resolved "https://registry.yarnpkg.com/policyfile/-/policyfile-0.0.4.tgz#d6b82ead98ae79ebe228e2daf5903311ec982e4d"
  
  promise@^7.1.1:
    version "7.3.1"
    resolved "https://registry.yarnpkg.com/promise/-/promise-7.3.1.tgz#064b72602b18f90f29192b8b1bc418ffd1ebd3bf"
    dependencies:
      asap "~2.0.3"
  
  prop-types@^15.5.8:
    version "15.6.1"
    resolved "https://registry.yarnpkg.com/prop-types/-/prop-types-15.6.1.tgz#36644453564255ddda391191fb3a125cbdf654ca"
    dependencies:
      fbjs "^0.8.16"
      loose-envify "^1.3.1"
      object-assign "^4.1.1"
  
  qs@0.6.5:
    version "0.6.5"
    resolved "https://registry.yarnpkg.com/qs/-/qs-0.6.5.tgz#294b268e4b0d4250f6dde19b3b8b34935dff14ef"
  
  range-parser@0.0.4:
    version "0.0.4"
    resolved "https://registry.yarnpkg.com/range-parser/-/range-parser-0.0.4.tgz#c0427ffef51c10acba0782a46c9602e744ff620b"
  
  react-apollo@^2.0.4:
    version "2.0.4"
    resolved "https://registry.yarnpkg.com/react-apollo/-/react-apollo-2.0.4.tgz#01dd32a8e388672f5d7385b21cdd0b94009ee9ee"
    dependencies:
      apollo-link "^1.0.0"
      hoist-non-react-statics "^2.2.0"
      invariant "^2.2.1"
      lodash.flowright "^3.5.0"
      lodash.pick "^4.4.0"
      prop-types "^15.5.8"
  
  redis@0.7.3:
    version "0.7.3"
    resolved "https://registry.yarnpkg.com/redis/-/redis-0.7.3.tgz#ee57b7a44d25ec1594e44365d8165fa7d1d4811a"
  
  send@0.1.0:
    version "0.1.0"
    resolved "https://registry.yarnpkg.com/send/-/send-0.1.0.tgz#cfb08ebd3cec9b7fc1a37d9ff9e875a971cf4640"
    dependencies:
      debug "*"
      fresh "0.1.0"
      mime "1.2.6"
      range-parser "0.0.4"
  
  send@0.1.1:
    version "0.1.1"
    resolved "https://registry.yarnpkg.com/send/-/send-0.1.1.tgz#0bcfcbd03def6e2d8612e1abf8f4895b450c60c8"
    dependencies:
      debug "*"
      fresh "0.1.0"
      mime "~1.2.9"
      range-parser "0.0.4"
  
  setimmediate@^1.0.5:
    version "1.0.5"
    resolved "https://registry.yarnpkg.com/setimmediate/-/setimmediate-1.0.5.tgz#290cbb232e306942d7d7ea9b83732ab7856f8285"
  
  socket.io-client@0.9.16:
    version "0.9.16"
    resolved "https://registry.yarnpkg.com/socket.io-client/-/socket.io-client-0.9.16.tgz#4da7515c5e773041d1b423970415bcc430f35fc6"
    dependencies:
      active-x-obfuscator "0.0.1"
      uglify-js "1.2.5"
      ws "0.4.x"
      xmlhttprequest "1.4.2"
  
  socket.io@~0.9.14:
    version "0.9.19"
    resolved "https://registry.yarnpkg.com/socket.io/-/socket.io-0.9.19.tgz#490bb5fd0dc54cf002ee04e67fadfc43b848a38f"
    dependencies:
      base64id "0.1.0"
      policyfile "0.0.4"
      socket.io-client "0.9.16"
    optionalDependencies:
      redis "0.7.3"
  
  symbol-observable@^1.0.2:
    version "1.2.0"
    resolved "https://registry.yarnpkg.com/symbol-observable/-/symbol-observable-1.2.0.tgz#c22688aed4eab3cdc2dfeacbb561660560a00804"
  
  tinycolor@0.x:
    version "0.0.1"
    resolved "https://registry.yarnpkg.com/tinycolor/-/tinycolor-0.0.1.tgz#320b5a52d83abb5978d81a3e887d4aefb15a6164"
  
  ua-parser-js@^0.7.9:
    version "0.7.17"
    resolved "https://registry.yarnpkg.com/ua-parser-js/-/ua-parser-js-0.7.17.tgz#e9ec5f9498b9ec910e7ae3ac626a805c4d09ecac"
  
  uglify-js@1.2.5:
    version "1.2.5"
    resolved "https://registry.yarnpkg.com/uglify-js/-/uglify-js-1.2.5.tgz#b542c2c76f78efb34b200b20177634330ff702b6"
  
  whatwg-fetch@>=0.10.0:
    version "2.0.3"
    resolved "https://registry.yarnpkg.com/whatwg-fetch/-/whatwg-fetch-2.0.3.tgz#9c84ec2dcf68187ff00bc64e1274b442176e1c84"
  
  ws@0.4.x:
    version "0.4.32"
    resolved "https://registry.yarnpkg.com/ws/-/ws-0.4.32.tgz#787a6154414f3c99ed83c5772153b20feb0cec32"
    dependencies:
      commander "~2.1.0"
      nan "~1.0.0"
      options ">=0.0.5"
      tinycolor "0.x"
  
  xmlhttprequest@1.4.2:
    version "1.4.2"
    resolved "https://registry.yarnpkg.com/xmlhttprequest/-/xmlhttprequest-1.4.2.tgz#01453a1d9bed1e8f172f6495bbf4c8c426321500"
  
  zen-observable-ts@^0.8.6:
    version "0.8.8"
    resolved "https://registry.yarnpkg.com/zen-observable-ts/-/zen-observable-ts-0.8.8.tgz#1a586dc204fa5632a88057f879500e0d2ba06869"
    dependencies:
      zen-observable "^0.7.0"
  
  zen-observable@^0.7.0:
    version "0.7.1"
    resolved "https://registry.yarnpkg.com/zen-observable/-/zen-observable-0.7.1.tgz#f84075c0ee085594d3566e1d6454207f126411b3"
  
  zeparser@0.0.5:
    version "0.0.5"
    resolved "https://registry.yarnpkg.com/zeparser/-/zeparser-0.0.5.tgz#03726561bc268f2e5444f54c665b7fd4a8c029e2"

Trace: 
  Error: Missing list of packages to add to your project.
      at MessageError.Error (native)
      at new MessageError (/home/ubuntu/.nvm/versions/node/v6.11.2/lib/node_modules/yarn/lib/cli.js:186:110)
      at Object.<anonymous> (/home/ubuntu/.nvm/versions/node/v6.11.2/lib/node_modules/yarn/lib/cli.js:40587:13)
      at next (native)
      at step (/home/ubuntu/.nvm/versions/node/v6.11.2/lib/node_modules/yarn/lib/cli.js:98:30)
      at /home/ubuntu/.nvm/versions/node/v6.11.2/lib/node_modules/yarn/lib/cli.js:116:14
      at Promise.F (/home/ubuntu/.nvm/versions/node/v6.11.2/lib/node_modules/yarn/lib/cli.js:23451:28)
      at Object.<anonymous> (/home/ubuntu/.nvm/versions/node/v6.11.2/lib/node_modules/yarn/lib/cli.js:95:12)
      at Object.run (/home/ubuntu/.nvm/versions/node/v6.11.2/lib/node_modules/yarn/lib/cli.js:40599:19)
      at run (/home/ubuntu/.nvm/versions/node/v6.11.2/lib/node_modules/yarn/lib/cli.js:89113:20)
